\BOOKMARK [1][-]{section*.1}{Abbildungsverzeichnis}{}% 1
\BOOKMARK [1][-]{section*.2}{Tabellenverzeichnis}{}% 2
\BOOKMARK [1][-]{section*.3}{Abk\374rzungsverzeichnis}{}% 3
\BOOKMARK [1][-]{section.1}{Einleitung}{}% 4
\BOOKMARK [1][-]{section.2}{Related Work}{}% 5
\BOOKMARK [1][-]{section.3}{Cognitive Load}{}% 6
\BOOKMARK [1][-]{section.4}{Disambiguierungsstrategien}{}% 7
\BOOKMARK [2][-]{subsection.4.1}{Disambiguierung}{section.4}% 8
\BOOKMARK [2][-]{subsection.4.2}{Disambiguierung in der Sprachverarbeitung}{section.4}% 9
\BOOKMARK [2][-]{subsection.4.3}{1. Strategie: Aggregierte Auswahl ohne Pause}{section.4}% 10
\BOOKMARK [2][-]{subsection.4.4}{2. Strategie: Aggregierte Auswahl mit Pause}{section.4}% 11
\BOOKMARK [2][-]{subsection.4.5}{3. Strategie: Sequentielle Auswahl}{section.4}% 12
\BOOKMARK [1][-]{section.5}{Versuch}{}% 13
\BOOKMARK [2][-]{subsection.5.1}{Testszenario}{section.5}% 14
\BOOKMARK [2][-]{subsection.5.2}{Versuchsaufbau}{section.5}% 15
\BOOKMARK [2][-]{subsection.5.3}{Versuchsdesign}{section.5}% 16
\BOOKMARK [2][-]{subsection.5.4}{Auswertung}{section.5}% 17
\BOOKMARK [3][-]{subsubsection.5.4.1}{gemessene Zeiten}{subsection.5.4}% 18
\BOOKMARK [3][-]{subsubsection.5.4.2}{Fragebogen}{subsection.5.4}% 19
\BOOKMARK [3][-]{subsubsection.5.4.3}{Task Completion}{subsection.5.4}% 20
\BOOKMARK [2][-]{subsection.5.5}{Hypothesen}{section.5}% 21
\BOOKMARK [2][-]{subsection.5.6}{Versuchspersonen}{section.5}% 22
\BOOKMARK [2][-]{subsection.5.7}{Control Panel}{section.5}% 23
\BOOKMARK [2][-]{subsection.5.8}{Simulation und Durchf\374hrung}{section.5}% 24
\BOOKMARK [2][-]{subsection.5.9}{Resultat}{section.5}% 25
\BOOKMARK [3][-]{subsubsection.5.9.1}{1. Versuchsreihe}{subsection.5.9}% 26
\BOOKMARK [2][-]{subsection.5.10}{Qualit\344tssicherung}{section.5}% 27
\BOOKMARK [1][-]{section.6}{Ergebnisse}{}% 28
\BOOKMARK [1][-]{section.7}{Diskussion}{}% 29
\BOOKMARK [2][-]{subsection.7.1}{Allgemeine Diskussion}{section.7}% 30
\BOOKMARK [2][-]{subsection.7.2}{Vergleichbare Studien}{section.7}% 31
\BOOKMARK [2][-]{subsection.7.3}{Future Work}{section.7}% 32
\BOOKMARK [1][-]{section.8}{Schlusswort}{}% 33
